<?xml version="1.0" encoding="UTF-8"?>
<!-- Generated by org.testng.reporters.JUnitReportReporter -->
<testsuite hostname="LAPTOP-4RAGM6OB" failures="0" tests="1" name="test.LoginTest" time="41.571" errors="0" timestamp="2023-12-22T12:45:34 CST" skipped="0">
  <testcase classname="test.LoginTest" name="validUserShoudBeAbleToLogin" time="41.571"/>
</testsuite> <!-- test.LoginTest -->
