<?xml version="1.0" encoding="UTF-8"?>
<!-- Generated by org.testng.reporters.JUnitReportReporter -->
<testsuite hostname="LAPTOP-4RAGM6OB" failures="0" tests="1" name="test.AddCustomerTest" time="97.533" errors="0" timestamp="2023-12-17T20:04:25 CST" skipped="0">
  <testcase classname="test.AddCustomerTest" name="userShouldBeAbleToAddNewCustomer" time="97.533"/>
</testsuite> <!-- test.AddCustomerTest -->
