<?xml version="1.0" encoding="UTF-8"?>
<!-- Generated by org.testng.reporters.JUnitReportReporter -->
<testsuite hostname="LAPTOP-4RAGM6OB" failures="0" tests="1" name="test.LoginTest" time="17.280" errors="0" timestamp="2024-01-30T20:44:11 CST" skipped="0">
  <testcase classname="test.LoginTest" name="validUserShoudBeAbleToLogin" time="17.280"/>
</testsuite> <!-- test.LoginTest -->
