<?xml version="1.0" encoding="UTF-8"?>
<!-- Generated by org.testng.reporters.JUnitReportReporter -->
<testsuite hostname="LAPTOP-4RAGM6OB" failures="0" tests="1" name="test.LoginTest" time="19.045" errors="0" timestamp="13 Dec 2023 19:53:57 GMT">
  <testcase classname="test.LoginTest" name="validUserShoudBeAbleToLogin" time="19.045"/>
</testsuite> <!-- test.LoginTest -->
